# JRE version: Java(TM) SE Runtime Environment (8.0_161-b12) (build 1.8.0_161-b12)
# Java VM: Java HotSpot(TM) 64-Bit Server VM (25.161-b12 mixed mode windows-amd64 compressed oops)
Heap:
 PSYoungGen      total 99328K, used 55594K [0x00000000d5e00000, 0x00000000de380000, 0x0000000100000000)
  eden space 79872K, 69% used [0x00000000d5e00000,0x00000000d944aa50,0x00000000dac00000)
  from space 19456K, 0% used [0x00000000dc300000,0x00000000dc300000,0x00000000dd600000)
  to   space 23552K, 0% used [0x00000000dac00000,0x00000000dac00000,0x00000000dc300000)
 ParOldGen       total 62976K, used 62973K [0x0000000081a00000, 0x0000000085780000, 0x00000000d5e00000)
  object space 62976K, 99% used [0x0000000081a00000,0x000000008577f6d8,0x0000000085780000)
 Metaspace       used 33208K, capacity 33568K, committed 33792K, reserved 1079296K
  class space    used 3905K, capacity 4002K, committed 4096K, reserved 1048576K
GC Heap History (10 events):
Event: 9.704 GC heap before
{Heap before GC invocations=11 (full 1):
 PSYoungGen      total 103424K, used 103394K [0x00000000d5e00000, 0x00000000de380000, 0x0000000100000000)
  eden space 79872K, 100% used [0x00000000d5e00000,0x00000000dac00000,0x00000000dac00000)
  from space 23552K, 99% used [0x00000000dac00000,0x00000000dc2f8ac0,0x00000000dc300000)
  to   space 19456K, 0% used [0x00000000dc300000,0x00000000dc300000,0x00000000dd600000)
 ParOldGen       total 62976K, used 37796K [0x0000000081a00000, 0x0000000085780000, 0x00000000d5e00000)
  object space 62976K, 60% used [0x0000000081a00000,0x0000000083ee90d0,0x0000000085780000)
 Metaspace       used 32681K, capacity 32992K, committed 33280K, reserved 1079296K
  class space    used 3904K, capacity 4002K, committed 4096K, reserved 1048576K
Event: 9.722 GC heap after
Heap after GC invocations=11 (full 1):
 PSYoungGen      total 99328K, used 19437K [0x00000000d5e00000, 0x00000000de380000, 0x0000000100000000)
  eden space 79872K, 0% used [0x00000000d5e00000,0x00000000d5e00000,0x00000000dac00000)
  from space 19456K, 99% used [0x00000000dc300000,0x00000000dd5fb7b8,0x00000000dd600000)
  to   space 23552K, 0% used [0x00000000dac00000,0x00000000dac00000,0x00000000dc300000)
 ParOldGen       total 62976K, used 52333K [0x0000000081a00000, 0x0000000085780000, 0x00000000d5e00000)
  object space 62976K, 83% used [0x0000000081a00000,0x0000000084d1b510,0x0000000085780000)
 Metaspace       used 32681K, capacity 32992K, committed 33280K, reserved 1079296K
  class space    used 3904K, capacity 4002K, committed 4096K, reserved 1048576K
}
Event: 9.722 GC heap before
{Heap before GC invocations=12 (full 2):
 PSYoungGen      total 99328K, used 19437K [0x00000000d5e00000, 0x00000000de380000, 0x0000000100000000)
  eden space 79872K, 0% used [0x00000000d5e00000,0x00000000d5e00000,0x00000000dac00000)
  from space 19456K, 99% used [0x00000000dc300000,0x00000000dd5fb7b8,0x00000000dd600000)
  to   space 23552K, 0% used [0x00000000dac00000,0x00000000dac00000,0x00000000dc300000)
 ParOldGen       total 62976K, used 52333K [0x0000000081a00000, 0x0000000085780000, 0x00000000d5e00000)
  object space 62976K, 83% used [0x0000000081a00000,0x0000000084d1b510,0x0000000085780000)
 Metaspace       used 32681K, capacity 32992K, committed 33280K, reserved 1079296K
  class space    used 3904K, capacity 4002K, committed 4096K, reserved 1048576K
Event: 9.877 GC heap after
Heap after GC invocations=12 (full 2):
 PSYoungGen      total 99328K, used 0K [0x00000000d5e00000, 0x00000000de380000, 0x0000000100000000)
  eden space 79872K, 0% used [0x00000000d5e00000,0x00000000d5e00000,0x00000000dac00000)
  from space 19456K, 0% used [0x00000000dc300000,0x00000000dc300000,0x00000000dd600000)
  to   space 23552K, 0% used [0x00000000dac00000,0x00000000dac00000,0x00000000dc300000)
 ParOldGen       total 62976K, used 55253K [0x0000000081a00000, 0x0000000085780000, 0x00000000d5e00000)
  object space 62976K, 87% used [0x0000000081a00000,0x0000000084ff5760,0x0000000085780000)
 Metaspace       used 32681K, capacity 32992K, committed 33280K, reserved 1079296K
  class space    used 3904K, capacity 4002K, committed 4096K, reserved 1048576K
}
Event: 37.256 GC heap before
{Heap before GC invocations=13 (full 3):
 PSYoungGen      total 99328K, used 79872K [0x00000000d5e00000, 0x00000000de380000, 0x0000000100000000)
  eden space 79872K, 100% used [0x00000000d5e00000,0x00000000dac00000,0x00000000dac00000)
  from space 19456K, 0% used [0x00000000dc300000,0x00000000dc300000,0x00000000dd600000)
  to   space 23552K, 0% used [0x00000000dac00000,0x00000000dac00000,0x00000000dc300000)
 ParOldGen       total 62976K, used 55253K [0x0000000081a00000, 0x0000000085780000, 0x00000000d5e00000)
  object space 62976K, 87% used [0x0000000081a00000,0x0000000084ff5760,0x0000000085780000)
 Metaspace       used 32880K, capacity 33248K, committed 33536K, reserved 1079296K
  class space    used 3905K, capacity 4002K, committed 4096K, reserved 1048576K
Event: 37.403 GC heap after
Heap after GC invocations=13 (full 3):
 PSYoungGen      total 99328K, used 0K [0x00000000d5e00000, 0x00000000de380000, 0x0000000100000000)
  eden space 79872K, 0% used [0x00000000d5e00000,0x00000000d5e00000,0x00000000dac00000)
  from space 19456K, 0% used [0x00000000dc300000,0x00000000dc300000,0x00000000dd600000)
  to   space 23552K, 0% used [0x00000000dac00000,0x00000000dac00000,0x00000000dc300000)
 ParOldGen       total 62976K, used 59053K [0x0000000081a00000, 0x0000000085780000, 0x00000000d5e00000)
  object space 62976K, 93% used [0x0000000081a00000,0x00000000853ab5c8,0x0000000085780000)
 Metaspace       used 32880K, capacity 33248K, committed 33536K, reserved 1079296K
  class space    used 3905K, capacity 4002K, committed 4096K, reserved 1048576K
}
Event: 38.048 GC heap before
{Heap before GC invocations=14 (full 4):
 PSYoungGen      total 99328K, used 79872K [0x00000000d5e00000, 0x00000000de380000, 0x0000000100000000)
  eden space 79872K, 100% used [0x00000000d5e00000,0x00000000dac00000,0x00000000dac00000)
  from space 19456K, 0% used [0x00000000dc300000,0x00000000dc300000,0x00000000dd600000)
  to   space 23552K, 0% used [0x00000000dac00000,0x00000000dac00000,0x00000000dc300000)
 ParOldGen       total 62976K, used 59053K [0x0000000081a00000, 0x0000000085780000, 0x00000000d5e00000)
  object space 62976K, 93% used [0x0000000081a00000,0x00000000853ab5c8,0x0000000085780000)
 Metaspace       used 33015K, capacity 33312K, committed 33536K, reserved 1079296K
  class space    used 3905K, capacity 4002K, committed 4096K, reserved 1048576K
Event: 38.227 GC heap after
Heap after GC invocations=14 (full 4):
 PSYoungGen      total 99328K, used 3629K [0x00000000d5e00000, 0x00000000de380000, 0x0000000100000000)
  eden space 79872K, 4% used [0x00000000d5e00000,0x00000000d618b708,0x00000000dac00000)
  from space 19456K, 0% used [0x00000000dc300000,0x00000000dc300000,0x00000000dd600000)
  to   space 23552K, 0% used [0x00000000dac00000,0x00000000dac00000,0x00000000dc300000)
 ParOldGen       total 62976K, used 62972K [0x0000000081a00000, 0x0000000085780000, 0x00000000d5e00000)
  object space 62976K, 99% used [0x0000000081a00000,0x000000008577f118,0x0000000085780000)
 Metaspace       used 33015K, capacity 33312K, committed 33536K, reserved 1079296K
  class space    used 3905K, capacity 4002K, committed 4096K, reserved 1048576K
}
Event: 38.596 GC heap before
{Heap before GC invocations=15 (full 5):
 PSYoungGen      total 99328K, used 79872K [0x00000000d5e00000, 0x00000000de380000, 0x0000000100000000)
  eden space 79872K, 100% used [0x00000000d5e00000,0x00000000dac00000,0x00000000dac00000)
  from space 19456K, 0% used [0x00000000dc300000,0x00000000dc300000,0x00000000dd600000)
  to   space 23552K, 0% used [0x00000000dac00000,0x00000000dac00000,0x00000000dc300000)
 ParOldGen       total 62976K, used 62972K [0x0000000081a00000, 0x0000000085780000, 0x00000000d5e00000)
  object space 62976K, 99% used [0x0000000081a00000,0x000000008577f118,0x0000000085780000)
 Metaspace       used 33162K, capacity 33440K, committed 33536K, reserved 1079296K
  class space    used 3905K, capacity 4002K, committed 4096K, reserved 1048576K
Event: 38.781 GC heap after
Heap after GC invocations=15 (full 5):
 PSYoungGen      total 99328K, used 10729K [0x00000000d5e00000, 0x00000000de380000, 0x0000000100000000)
  eden space 79872K, 13% used [0x00000000d5e00000,0x00000000d687a430,0x00000000dac00000)
  from space 19456K, 0% used [0x00000000dc300000,0x00000000dc300000,0x00000000dd600000)
  to   space 23552K, 0% used [0x00000000dac00000,0x00000000dac00000,0x00000000dc300000)
 ParOldGen       total 62976K, used 62973K [0x0000000081a00000, 0x0000000085780000, 0x00000000d5e00000)
  object space 62976K, 99% used [0x0000000081a00000,0x000000008577f6d8,0x0000000085780000)
 Metaspace       used 33162K, capacity 33440K, committed 33536K, reserved 1079296K
  class space    used 3905K, capacity 4002K, committed 4096K, reserved 1048576K
}

