# JRE version: Java(TM) SE Runtime Environment (8.0_161-b12) (build 1.8.0_161-b12)
# Java VM: Java HotSpot(TM) 64-Bit Server VM (25.161-b12 mixed mode windows-amd64 compressed oops)
Heap:
 PSYoungGen      total 89600K, used 80646K [0x00000000d5e00000, 0x00000000dc800000, 0x0000000100000000)
  eden space 72192K, 96% used [0x00000000d5e00000,0x00000000da214540,0x00000000da480000)
  from space 17408K, 62% used [0x00000000db500000,0x00000000dbfad3c0,0x00000000dc600000)
  to   space 16896K, 0% used [0x00000000da480000,0x00000000da480000,0x00000000db500000)
 ParOldGen       total 59392K, used 28803K [0x0000000081a00000, 0x0000000085400000, 0x00000000d5e00000)
  object space 59392K, 48% used [0x0000000081a00000,0x0000000083620fc8,0x0000000085400000)
 Metaspace       used 32195K, capacity 32556K, committed 32768K, reserved 1077248K
  class space    used 3900K, capacity 4002K, committed 4096K, reserved 1048576K
GC Heap History (10 events):
Event: 2.621 GC heap before
{Heap before GC invocations=3 (full 1):
 PSYoungGen      total 38400K, used 5113K [0x00000000d5e00000, 0x00000000d8880000, 0x0000000100000000)
  eden space 33280K, 0% used [0x00000000d5e00000,0x00000000d5e00000,0x00000000d7e80000)
  from space 5120K, 99% used [0x00000000d8380000,0x00000000d887e5a8,0x00000000d8880000)
  to   space 5120K, 0% used [0x00000000d7e80000,0x00000000d7e80000,0x00000000d8380000)
 ParOldGen       total 87552K, used 2199K [0x0000000081a00000, 0x0000000086f80000, 0x00000000d5e00000)
  object space 87552K, 2% used [0x0000000081a00000,0x0000000081c25e10,0x0000000086f80000)
 Metaspace       used 20947K, capacity 21094K, committed 21248K, reserved 1067008K
  class space    used 2620K, capacity 2695K, committed 2816K, reserved 1048576K
Event: 2.646 GC heap after
Heap after GC invocations=3 (full 1):
 PSYoungGen      total 38400K, used 0K [0x00000000d5e00000, 0x00000000d8880000, 0x0000000100000000)
  eden space 33280K, 0% used [0x00000000d5e00000,0x00000000d5e00000,0x00000000d7e80000)
  from space 5120K, 0% used [0x00000000d8380000,0x00000000d8380000,0x00000000d8880000)
  to   space 5120K, 0% used [0x00000000d7e80000,0x00000000d7e80000,0x00000000d8380000)
 ParOldGen       total 59392K, used 6612K [0x0000000081a00000, 0x0000000085400000, 0x00000000d5e00000)
  object space 59392K, 11% used [0x0000000081a00000,0x0000000082075270,0x0000000085400000)
 Metaspace       used 20947K, capacity 21094K, committed 21248K, reserved 1067008K
  class space    used 2620K, capacity 2695K, committed 2816K, reserved 1048576K
}
Event: 3.442 GC heap before
{Heap before GC invocations=4 (full 1):
 PSYoungGen      total 38400K, used 33280K [0x00000000d5e00000, 0x00000000d8880000, 0x0000000100000000)
  eden space 33280K, 100% used [0x00000000d5e00000,0x00000000d7e80000,0x00000000d7e80000)
  from space 5120K, 0% used [0x00000000d8380000,0x00000000d8380000,0x00000000d8880000)
  to   space 5120K, 0% used [0x00000000d7e80000,0x00000000d7e80000,0x00000000d8380000)
 ParOldGen       total 59392K, used 6612K [0x0000000081a00000, 0x0000000085400000, 0x00000000d5e00000)
  object space 59392K, 11% used [0x0000000081a00000,0x0000000082075270,0x0000000085400000)
 Metaspace       used 27081K, capacity 27270K, committed 27392K, reserved 1073152K
  class space    used 3411K, capacity 3495K, committed 3584K, reserved 1048576K
Event: 3.446 GC heap after
Heap after GC invocations=4 (full 1):
 PSYoungGen      total 38400K, used 5101K [0x00000000d5e00000, 0x00000000d9700000, 0x0000000100000000)
  eden space 33280K, 0% used [0x00000000d5e00000,0x00000000d5e00000,0x00000000d7e80000)
  from space 5120K, 99% used [0x00000000d7e80000,0x00000000d837b450,0x00000000d8380000)
  to   space 5120K, 0% used [0x00000000d9200000,0x00000000d9200000,0x00000000d9700000)
 ParOldGen       total 59392K, used 7632K [0x0000000081a00000, 0x0000000085400000, 0x00000000d5e00000)
  object space 59392K, 12% used [0x0000000081a00000,0x0000000082174140,0x0000000085400000)
 Metaspace       used 27081K, capacity 27270K, committed 27392K, reserved 1073152K
  class space    used 3411K, capacity 3495K, committed 3584K, reserved 1048576K
}
Event: 7.767 GC heap before
{Heap before GC invocations=5 (full 1):
 PSYoungGen      total 38400K, used 38381K [0x00000000d5e00000, 0x00000000d9700000, 0x0000000100000000)
  eden space 33280K, 100% used [0x00000000d5e00000,0x00000000d7e80000,0x00000000d7e80000)
  from space 5120K, 99% used [0x00000000d7e80000,0x00000000d837b450,0x00000000d8380000)
  to   space 5120K, 0% used [0x00000000d9200000,0x00000000d9200000,0x00000000d9700000)
 ParOldGen       total 59392K, used 7632K [0x0000000081a00000, 0x0000000085400000, 0x00000000d5e00000)
  object space 59392K, 12% used [0x0000000081a00000,0x0000000082174140,0x0000000085400000)
 Metaspace       used 31128K, capacity 31382K, committed 31744K, reserved 1077248K
  class space    used 3870K, capacity 3977K, committed 4096K, reserved 1048576K
Event: 7.776 GC heap after
Heap after GC invocations=5 (full 1):
 PSYoungGen      total 51200K, used 5118K [0x00000000d5e00000, 0x00000000d9700000, 0x0000000100000000)
  eden space 46080K, 0% used [0x00000000d5e00000,0x00000000d5e00000,0x00000000d8b00000)
  from space 5120K, 99% used [0x00000000d9200000,0x00000000d96ff840,0x00000000d9700000)
  to   space 5120K, 0% used [0x00000000d8d00000,0x00000000d8d00000,0x00000000d9200000)
 ParOldGen       total 59392K, used 23533K [0x0000000081a00000, 0x0000000085400000, 0x00000000d5e00000)
  object space 59392K, 39% used [0x0000000081a00000,0x00000000830fb758,0x0000000085400000)
 Metaspace       used 31128K, capacity 31382K, committed 31744K, reserved 1077248K
  class space    used 3870K, capacity 3977K, committed 4096K, reserved 1048576K
}
Event: 8.209 GC heap before
{Heap before GC invocations=6 (full 1):
 PSYoungGen      total 51200K, used 51198K [0x00000000d5e00000, 0x00000000d9700000, 0x0000000100000000)
  eden space 46080K, 100% used [0x00000000d5e00000,0x00000000d8b00000,0x00000000d8b00000)
  from space 5120K, 99% used [0x00000000d9200000,0x00000000d96ff840,0x00000000d9700000)
  to   space 5120K, 0% used [0x00000000d8d00000,0x00000000d8d00000,0x00000000d9200000)
 ParOldGen       total 59392K, used 23533K [0x0000000081a00000, 0x0000000085400000, 0x00000000d5e00000)
  object space 59392K, 39% used [0x0000000081a00000,0x00000000830fb758,0x0000000085400000)
 Metaspace       used 31680K, capacity 32030K, committed 32256K, reserved 1077248K
  class space    used 3891K, capacity 3989K, committed 4096K, reserved 1048576K
Event: 8.223 GC heap after
Heap after GC invocations=6 (full 1):
 PSYoungGen      total 53248K, used 5105K [0x00000000d5e00000, 0x00000000dc600000, 0x0000000100000000)
  eden space 48128K, 0% used [0x00000000d5e00000,0x00000000d5e00000,0x00000000d8d00000)
  from space 5120K, 99% used [0x00000000d8d00000,0x00000000d91fc6e8,0x00000000d9200000)
  to   space 17408K, 0% used [0x00000000db500000,0x00000000db500000,0x00000000dc600000)
 ParOldGen       total 59392K, used 28803K [0x0000000081a00000, 0x0000000085400000, 0x00000000d5e00000)
  object space 59392K, 48% used [0x0000000081a00000,0x0000000083620fc8,0x0000000085400000)
 Metaspace       used 31680K, capacity 32030K, committed 32256K, reserved 1077248K
  class space    used 3891K, capacity 3989K, committed 4096K, reserved 1048576K
}
Event: 8.860 GC heap before
{Heap before GC invocations=7 (full 1):
 PSYoungGen      total 53248K, used 53233K [0x00000000d5e00000, 0x00000000dc600000, 0x0000000100000000)
  eden space 48128K, 100% used [0x00000000d5e00000,0x00000000d8d00000,0x00000000d8d00000)
  from space 5120K, 99% used [0x00000000d8d00000,0x00000000d91fc6e8,0x00000000d9200000)
  to   space 17408K, 0% used [0x00000000db500000,0x00000000db500000,0x00000000dc600000)
 ParOldGen       total 59392K, used 28803K [0x0000000081a00000, 0x0000000085400000, 0x00000000d5e00000)
  object space 59392K, 48% used [0x0000000081a00000,0x0000000083620fc8,0x0000000085400000)
 Metaspace       used 31965K, capacity 32300K, committed 32512K, reserved 1077248K
  class space    used 3900K, capacity 4002K, committed 4096K, reserved 1048576K
Event: 8.868 GC heap after
Heap after GC invocations=7 (full 1):
 PSYoungGen      total 89600K, used 10932K [0x00000000d5e00000, 0x00000000dc800000, 0x0000000100000000)
  eden space 72192K, 0% used [0x00000000d5e00000,0x00000000d5e00000,0x00000000da480000)
  from space 17408K, 62% used [0x00000000db500000,0x00000000dbfad3c0,0x00000000dc600000)
  to   space 16896K, 0% used [0x00000000da480000,0x00000000da480000,0x00000000db500000)
 ParOldGen       total 59392K, used 28803K [0x0000000081a00000, 0x0000000085400000, 0x00000000d5e00000)
  object space 59392K, 48% used [0x0000000081a00000,0x0000000083620fc8,0x0000000085400000)
 Metaspace       used 31965K, capacity 32300K, committed 32512K, reserved 1077248K
  class space    used 3900K, capacity 4002K, committed 4096K, reserved 1048576K
}

