# JRE version: Java(TM) SE Runtime Environment (8.0_161-b12) (build 1.8.0_161-b12)
# Java VM: Java HotSpot(TM) 64-Bit Server VM (25.161-b12 mixed mode windows-amd64 compressed oops)
Heap:
 PSYoungGen      total 92160K, used 20736K [0x00000000d5e00000, 0x00000000dca80000, 0x0000000100000000)
  eden space 74240K, 12% used [0x00000000d5e00000,0x00000000d66ff570,0x00000000da680000)
  from space 17920K, 64% used [0x00000000db780000,0x00000000dc2c0c10,0x00000000dc900000)
  to   space 17408K, 0% used [0x00000000da680000,0x00000000da680000,0x00000000db780000)
 ParOldGen       total 58368K, used 29364K [0x0000000081a00000, 0x0000000085300000, 0x00000000d5e00000)
  object space 58368K, 50% used [0x0000000081a00000,0x00000000836ad250,0x0000000085300000)
 Metaspace       used 32072K, capacity 32436K, committed 32768K, reserved 1077248K
  class space    used 3902K, capacity 4002K, committed 4096K, reserved 1048576K
GC Heap History (10 events):
Event: 2.852 GC heap before
{Heap before GC invocations=3 (full 1):
 PSYoungGen      total 38400K, used 5093K [0x00000000d5e00000, 0x00000000d8880000, 0x0000000100000000)
  eden space 33280K, 0% used [0x00000000d5e00000,0x00000000d5e00000,0x00000000d7e80000)
  from space 5120K, 99% used [0x00000000d8380000,0x00000000d8879740,0x00000000d8880000)
  to   space 5120K, 0% used [0x00000000d7e80000,0x00000000d7e80000,0x00000000d8380000)
 ParOldGen       total 87552K, used 2185K [0x0000000081a00000, 0x0000000086f80000, 0x00000000d5e00000)
  object space 87552K, 2% used [0x0000000081a00000,0x0000000081c224a0,0x0000000086f80000)
 Metaspace       used 21011K, capacity 21190K, committed 21296K, reserved 1069056K
  class space    used 2610K, capacity 2663K, committed 2688K, reserved 1048576K
Event: 2.877 GC heap after
Heap after GC invocations=3 (full 1):
 PSYoungGen      total 38400K, used 0K [0x00000000d5e00000, 0x00000000d8880000, 0x0000000100000000)
  eden space 33280K, 0% used [0x00000000d5e00000,0x00000000d5e00000,0x00000000d7e80000)
  from space 5120K, 0% used [0x00000000d8380000,0x00000000d8380000,0x00000000d8880000)
  to   space 5120K, 0% used [0x00000000d7e80000,0x00000000d7e80000,0x00000000d8380000)
 ParOldGen       total 58368K, used 6719K [0x0000000081a00000, 0x0000000085300000, 0x00000000d5e00000)
  object space 58368K, 11% used [0x0000000081a00000,0x000000008208ffc8,0x0000000085300000)
 Metaspace       used 21011K, capacity 21190K, committed 21296K, reserved 1069056K
  class space    used 2610K, capacity 2663K, committed 2688K, reserved 1048576K
}
Event: 3.488 GC heap before
{Heap before GC invocations=4 (full 1):
 PSYoungGen      total 38400K, used 33279K [0x00000000d5e00000, 0x00000000d8880000, 0x0000000100000000)
  eden space 33280K, 99% used [0x00000000d5e00000,0x00000000d7e7fc58,0x00000000d7e80000)
  from space 5120K, 0% used [0x00000000d8380000,0x00000000d8380000,0x00000000d8880000)
  to   space 5120K, 0% used [0x00000000d7e80000,0x00000000d7e80000,0x00000000d8380000)
 ParOldGen       total 58368K, used 6719K [0x0000000081a00000, 0x0000000085300000, 0x00000000d5e00000)
  object space 58368K, 11% used [0x0000000081a00000,0x000000008208ffc8,0x0000000085300000)
 Metaspace       used 27065K, capacity 27238K, committed 27392K, reserved 1073152K
  class space    used 3401K, capacity 3463K, committed 3584K, reserved 1048576K
Event: 3.493 GC heap after
Heap after GC invocations=4 (full 1):
 PSYoungGen      total 38400K, used 5096K [0x00000000d5e00000, 0x00000000d9900000, 0x0000000100000000)
  eden space 33280K, 0% used [0x00000000d5e00000,0x00000000d5e00000,0x00000000d7e80000)
  from space 5120K, 99% used [0x00000000d7e80000,0x00000000d837a0b0,0x00000000d8380000)
  to   space 5120K, 0% used [0x00000000d9400000,0x00000000d9400000,0x00000000d9900000)
 ParOldGen       total 58368K, used 7601K [0x0000000081a00000, 0x0000000085300000, 0x00000000d5e00000)
  object space 58368K, 13% used [0x0000000081a00000,0x000000008216c500,0x0000000085300000)
 Metaspace       used 27065K, capacity 27238K, committed 27392K, reserved 1073152K
  class space    used 3401K, capacity 3463K, committed 3584K, reserved 1048576K
}
Event: 6.836 GC heap before
{Heap before GC invocations=5 (full 1):
 PSYoungGen      total 38400K, used 38376K [0x00000000d5e00000, 0x00000000d9900000, 0x0000000100000000)
  eden space 33280K, 100% used [0x00000000d5e00000,0x00000000d7e80000,0x00000000d7e80000)
  from space 5120K, 99% used [0x00000000d7e80000,0x00000000d837a0b0,0x00000000d8380000)
  to   space 5120K, 0% used [0x00000000d9400000,0x00000000d9400000,0x00000000d9900000)
 ParOldGen       total 58368K, used 7601K [0x0000000081a00000, 0x0000000085300000, 0x00000000d5e00000)
  object space 58368K, 13% used [0x0000000081a00000,0x000000008216c500,0x0000000085300000)
 Metaspace       used 31100K, capacity 31390K, committed 31744K, reserved 1077248K
  class space    used 3872K, capacity 3977K, committed 4096K, reserved 1048576K
Event: 6.844 GC heap after
Heap after GC invocations=5 (full 1):
 PSYoungGen      total 53760K, used 5108K [0x00000000d5e00000, 0x00000000d9900000, 0x0000000100000000)
  eden space 48640K, 0% used [0x00000000d5e00000,0x00000000d5e00000,0x00000000d8d80000)
  from space 5120K, 99% used [0x00000000d9400000,0x00000000d98fd168,0x00000000d9900000)
  to   space 5120K, 0% used [0x00000000d8f00000,0x00000000d8f00000,0x00000000d9400000)
 ParOldGen       total 58368K, used 23543K [0x0000000081a00000, 0x0000000085300000, 0x00000000d5e00000)
  object space 58368K, 40% used [0x0000000081a00000,0x00000000830fdd50,0x0000000085300000)
 Metaspace       used 31100K, capacity 31390K, committed 31744K, reserved 1077248K
  class space    used 3872K, capacity 3977K, committed 4096K, reserved 1048576K
}
Event: 7.375 GC heap before
{Heap before GC invocations=6 (full 1):
 PSYoungGen      total 53760K, used 53748K [0x00000000d5e00000, 0x00000000d9900000, 0x0000000100000000)
  eden space 48640K, 100% used [0x00000000d5e00000,0x00000000d8d80000,0x00000000d8d80000)
  from space 5120K, 99% used [0x00000000d9400000,0x00000000d98fd168,0x00000000d9900000)
  to   space 5120K, 0% used [0x00000000d8f00000,0x00000000d8f00000,0x00000000d9400000)
 ParOldGen       total 58368K, used 23543K [0x0000000081a00000, 0x0000000085300000, 0x00000000d5e00000)
  object space 58368K, 40% used [0x0000000081a00000,0x00000000830fdd50,0x0000000085300000)
 Metaspace       used 31711K, capacity 32038K, committed 32256K, reserved 1077248K
  class space    used 3894K, capacity 3989K, committed 4096K, reserved 1048576K
Event: 7.383 GC heap after
Heap after GC invocations=6 (full 1):
 PSYoungGen      total 55296K, used 5092K [0x00000000d5e00000, 0x00000000dc900000, 0x0000000100000000)
  eden space 50176K, 0% used [0x00000000d5e00000,0x00000000d5e00000,0x00000000d8f00000)
  from space 5120K, 99% used [0x00000000d8f00000,0x00000000d93f9238,0x00000000d9400000)
  to   space 17920K, 0% used [0x00000000db780000,0x00000000db780000,0x00000000dc900000)
 ParOldGen       total 58368K, used 29356K [0x0000000081a00000, 0x0000000085300000, 0x00000000d5e00000)
  object space 58368K, 50% used [0x0000000081a00000,0x00000000836ab250,0x0000000085300000)
 Metaspace       used 31711K, capacity 32038K, committed 32256K, reserved 1077248K
  class space    used 3894K, capacity 3989K, committed 4096K, reserved 1048576K
}
Event: 8.133 GC heap before
{Heap before GC invocations=7 (full 1):
 PSYoungGen      total 55296K, used 55268K [0x00000000d5e00000, 0x00000000dc900000, 0x0000000100000000)
  eden space 50176K, 100% used [0x00000000d5e00000,0x00000000d8f00000,0x00000000d8f00000)
  from space 5120K, 99% used [0x00000000d8f00000,0x00000000d93f9238,0x00000000d9400000)
  to   space 17920K, 0% used [0x00000000db780000,0x00000000db780000,0x00000000dc900000)
 ParOldGen       total 58368K, used 29356K [0x0000000081a00000, 0x0000000085300000, 0x00000000d5e00000)
  object space 58368K, 50% used [0x0000000081a00000,0x00000000836ab250,0x0000000085300000)
 Metaspace       used 32025K, capacity 32372K, committed 32512K, reserved 1077248K
  class space    used 3902K, capacity 4002K, committed 4096K, reserved 1048576K
Event: 8.141 GC heap after
Heap after GC invocations=7 (full 1):
 PSYoungGen      total 92160K, used 11523K [0x00000000d5e00000, 0x00000000dca80000, 0x0000000100000000)
  eden space 74240K, 0% used [0x00000000d5e00000,0x00000000d5e00000,0x00000000da680000)
  from space 17920K, 64% used [0x00000000db780000,0x00000000dc2c0c10,0x00000000dc900000)
  to   space 17408K, 0% used [0x00000000da680000,0x00000000da680000,0x00000000db780000)
 ParOldGen       total 58368K, used 29364K [0x0000000081a00000, 0x0000000085300000, 0x00000000d5e00000)
  object space 58368K, 50% used [0x0000000081a00000,0x00000000836ad250,0x0000000085300000)
 Metaspace       used 32025K, capacity 32372K, committed 32512K, reserved 1077248K
  class space    used 3902K, capacity 4002K, committed 4096K, reserved 1048576K
}

